2098-10-29 17:48:00.002  INFO 2100 --- [main] .m.s.SpringBoot03LoggingApplicationTests : Starting SpringBoot03LoggingApplicationTests on PC201802211917 with PID 2100 (started by Administrator in D:\SpringBootProject\spring-boot-03-logging)
2098-10-29 17:48:00.005 DEBUG 2100 --- [main] .m.s.SpringBoot03LoggingApplicationTests : Running with Spring Boot v2.0.6.RELEASE, Spring v5.0.10.RELEASE
2098-10-29 17:48:00.013  INFO 2100 --- [main] .m.s.SpringBoot03LoggingApplicationTests : No active profile set, falling back to default profiles: default
2098-10-29 17:48:00.086  INFO 2100 --- [main] o.s.w.c.s.GenericWebApplicationContext   : Refreshing org.springframework.web.context.support.GenericWebApplicationContext@53045c6c: startup date [Wed Oct 29 17:48:00 CST 2098]; root of context hierarchy
2098-10-29 17:48:04.907  INFO 2100 --- [main] o.s.w.s.handler.SimpleUrlHandlerMapping  : Mapped URL path [/**/favicon.ico] onto handler of type [class org.springframework.web.com.mengxuegu.springboot.servlet.resource.ResourceHttpRequestHandler]
2098-10-29 17:48:05.990  INFO 2100 --- [main] s.w.s.m.m.a.RequestMappingHandlerAdapter : Looking for @ControllerAdvice: org.springframework.web.context.support.GenericWebApplicationContext@53045c6c: startup date [Wed Oct 29 17:48:00 CST 2098]; root of context hierarchy
2098-10-29 17:48:06.274  INFO 2100 --- [main] s.w.s.m.m.a.RequestMappingHandlerMapping : Mapped "{[/error]}" onto public org.springframework.http.ResponseEntity<java.util.Map<java.lang.String, java.lang.Object>> org.springframework.boot.autoconfigure.web.com.mengxuegu.springboot.servlet.error.BasicErrorController.error(javax.com.mengxuegu.springboot.servlet.http.HttpServletRequest)
2098-10-29 17:48:06.277  INFO 2100 --- [main] s.w.s.m.m.a.RequestMappingHandlerMapping : Mapped "{[/error],produces=[text/html]}" onto public org.springframework.web.com.mengxuegu.springboot.servlet.ModelAndView org.springframework.boot.autoconfigure.web.com.mengxuegu.springboot.servlet.error.BasicErrorController.errorHtml(javax.com.mengxuegu.springboot.servlet.http.HttpServletRequest,javax.com.mengxuegu.springboot.servlet.http.HttpServletResponse)
2098-10-29 17:48:06.398  INFO 2100 --- [main] o.s.w.s.handler.SimpleUrlHandlerMapping  : Mapped URL path [/webjars/**] onto handler of type [class org.springframework.web.com.mengxuegu.springboot.servlet.resource.ResourceHttpRequestHandler]
2098-10-29 17:48:06.398  INFO 2100 --- [main] o.s.w.s.handler.SimpleUrlHandlerMapping  : Mapped URL path [/**] onto handler of type [class org.springframework.web.com.mengxuegu.springboot.servlet.resource.ResourceHttpRequestHandler]
2098-10-29 17:48:07.943  INFO 2100 --- [main] .m.s.SpringBoot03LoggingApplicationTests : Started SpringBoot03LoggingApplicationTests in 9.081 seconds (JVM running for 11.596)
2098-10-29 17:48:08.332 DEBUG 2100 --- [main] .m.s.SpringBoot03LoggingApplicationTests : 这是 debug 日志信息
2098-10-29 17:48:08.332  INFO 2100 --- [main] .m.s.SpringBoot03LoggingApplicationTests : 这是 info 日志信息
2098-10-29 17:48:08.333  WARN 2100 --- [main] .m.s.SpringBoot03LoggingApplicationTests : 这是 warn 日志信息
2098-10-29 17:48:08.333 ERROR 2100 --- [main] .m.s.SpringBoot03LoggingApplicationTests : 这是 error 日志信息
2098-10-29 17:48:08.360  INFO 2100 --- [Thread-2] o.s.w.c.s.GenericWebApplicationContext   : Closing org.springframework.web.context.support.GenericWebApplicationContext@53045c6c: startup date [Wed Oct 29 17:48:00 CST 2098]; root of context hierarchy
2098-10-29 17:49:34.984 >>> [main] >>> INFO  >>> c.m.springboot.SpringBoot03LoggingApplicationTests >>> Starting SpringBoot03LoggingApplicationTests on PC201802211917 with PID 4456 (started by Administrator in D:\SpringBootProject\spring-boot-03-logging)
2098-10-29 17:49:34.987 >>> [main] >>> DEBUG >>> c.m.springboot.SpringBoot03LoggingApplicationTests >>> Running with Spring Boot v2.0.6.RELEASE, Spring v5.0.10.RELEASE
2098-10-29 17:49:34.998 >>> [main] >>> INFO  >>> c.m.springboot.SpringBoot03LoggingApplicationTests >>> No active profile set, falling back to default profiles: default
2098-10-29 17:49:35.102 >>> [main] >>> INFO  >>> o.s.w.context.support.GenericWebApplicationContext >>> Refreshing org.springframework.web.context.support.GenericWebApplicationContext@53045c6c: startup date [Wed Oct 29 17:49:35 CST 2098]; root of context hierarchy
2098-10-29 17:49:38.945 >>> [main] >>> INFO  >>> o.s.web.com.mengxuegu.springboot.servlet.handler.SimpleUrlHandlerMapping >>> Mapped URL path [/**/favicon.ico] onto handler of type [class org.springframework.web.com.mengxuegu.springboot.servlet.resource.ResourceHttpRequestHandler]
2098-10-29 17:49:39.434 >>> [main] >>> INFO  >>> o.s.w.s.m.m.a.RequestMappingHandlerAdapter >>> Looking for @ControllerAdvice: org.springframework.web.context.support.GenericWebApplicationContext@53045c6c: startup date [Wed Oct 29 17:49:35 CST 2098]; root of context hierarchy
2098-10-29 17:49:39.685 >>> [main] >>> INFO  >>> o.s.w.s.m.m.a.RequestMappingHandlerMapping >>> Mapped "{[/error]}" onto public org.springframework.http.ResponseEntity<java.util.Map<java.lang.String, java.lang.Object>> org.springframework.boot.autoconfigure.web.com.mengxuegu.springboot.servlet.error.BasicErrorController.error(javax.com.mengxuegu.springboot.servlet.http.HttpServletRequest)
2098-10-29 17:49:39.687 >>> [main] >>> INFO  >>> o.s.w.s.m.m.a.RequestMappingHandlerMapping >>> Mapped "{[/error],produces=[text/html]}" onto public org.springframework.web.com.mengxuegu.springboot.servlet.ModelAndView org.springframework.boot.autoconfigure.web.com.mengxuegu.springboot.servlet.error.BasicErrorController.errorHtml(javax.com.mengxuegu.springboot.servlet.http.HttpServletRequest,javax.com.mengxuegu.springboot.servlet.http.HttpServletResponse)
2098-10-29 17:49:39.804 >>> [main] >>> INFO  >>> o.s.web.com.mengxuegu.springboot.servlet.handler.SimpleUrlHandlerMapping >>> Mapped URL path [/webjars/**] onto handler of type [class org.springframework.web.com.mengxuegu.springboot.servlet.resource.ResourceHttpRequestHandler]
2098-10-29 17:49:39.805 >>> [main] >>> INFO  >>> o.s.web.com.mengxuegu.springboot.servlet.handler.SimpleUrlHandlerMapping >>> Mapped URL path [/**] onto handler of type [class org.springframework.web.com.mengxuegu.springboot.servlet.resource.ResourceHttpRequestHandler]
2098-10-29 17:49:40.433 >>> [main] >>> INFO  >>> c.m.springboot.SpringBoot03LoggingApplicationTests >>> Started SpringBoot03LoggingApplicationTests in 6.586 seconds (JVM running for 9.072)
2098-10-29 17:49:41.302 >>> [main] >>> DEBUG >>> c.m.springboot.SpringBoot03LoggingApplicationTests >>> 这是 debug 日志信息
2098-10-29 17:49:41.303 >>> [main] >>> INFO  >>> c.m.springboot.SpringBoot03LoggingApplicationTests >>> 这是 info 日志信息
2098-10-29 17:49:41.303 >>> [main] >>> WARN  >>> c.m.springboot.SpringBoot03LoggingApplicationTests >>> 这是 warn 日志信息
2098-10-29 17:49:41.303 >>> [main] >>> ERROR >>> c.m.springboot.SpringBoot03LoggingApplicationTests >>> 这是 error 日志信息
2098-10-29 17:49:41.312 >>> [Thread-2] >>> INFO  >>> o.s.w.context.support.GenericWebApplicationContext >>> Closing org.springframework.web.context.support.GenericWebApplicationContext@53045c6c: startup date [Wed Oct 29 17:49:35 CST 2098]; root of context hierarchy
